<?xml version="1.0" encoding="UTF-8"?>
<coverage generated="1637426926741" clover="3.2.0">
  <project timestamp="1637426926741" name="All files">
    <metrics statements="106" coveredstatements="103" conditionals="105" coveredconditionals="100" methods="9" coveredmethods="8" elements="220" coveredelements="211" complexity="0" loc="106" ncloc="106" packages="2" files="7" classes="7"/>
    <package name="ciphers">
      <metrics statements="77" coveredstatements="77" conditionals="84" coveredconditionals="84" methods="4" coveredmethods="4"/>
      <file name="atbashCipher.js" path="/Users/yulyavorontsova/ciphering-CLI-tool/ciphers/atbashCipher.js">
        <metrics statements="11" coveredstatements="11" conditionals="10" coveredconditionals="10" methods="1" coveredmethods="1"/>
        <line num="1" count="2" type="stmt"/>
        <line num="2" count="4" type="cond" truecount="2" falsecount="0"/>
        <line num="3" count="3" type="stmt"/>
        <line num="4" count="3" type="stmt"/>
        <line num="5" count="3" type="stmt"/>
        <line num="6" count="124" type="cond" truecount="4" falsecount="0"/>
        <line num="7" count="52" type="stmt"/>
        <line num="8" count="72" type="cond" truecount="4" falsecount="0"/>
        <line num="9" count="52" type="stmt"/>
        <line num="10" count="20" type="stmt"/>
        <line num="12" count="3" type="stmt"/>
      </file>
      <file name="caesarCipher.js" path="/Users/yulyavorontsova/ciphering-CLI-tool/ciphers/caesarCipher.js">
        <metrics statements="25" coveredstatements="25" conditionals="28" coveredconditionals="28" methods="1" coveredmethods="1"/>
        <line num="1" count="2" type="stmt"/>
        <line num="2" count="7" type="cond" truecount="4" falsecount="0"/>
        <line num="3" count="3" type="stmt"/>
        <line num="4" count="3" type="stmt"/>
        <line num="5" count="3" type="stmt"/>
        <line num="6" count="124" type="cond" truecount="2" falsecount="0"/>
        <line num="7" count="2" type="stmt"/>
        <line num="8" count="122" type="cond" truecount="2" falsecount="0"/>
        <line num="9" count="2" type="stmt"/>
        <line num="10" count="120" type="cond" truecount="2" falsecount="0"/>
        <line num="14" count="100" type="stmt"/>
        <line num="15" count="20" type="stmt"/>
        <line num="17" count="3" type="stmt"/>
        <line num="19" count="4" type="cond" truecount="4" falsecount="0"/>
        <line num="20" count="3" type="stmt"/>
        <line num="21" count="3" type="stmt"/>
        <line num="22" count="3" type="stmt"/>
        <line num="23" count="124" type="cond" truecount="2" falsecount="0"/>
        <line num="24" count="2" type="stmt"/>
        <line num="25" count="122" type="cond" truecount="2" falsecount="0"/>
        <line num="26" count="2" type="stmt"/>
        <line num="27" count="120" type="cond" truecount="2" falsecount="0"/>
        <line num="31" count="100" type="stmt"/>
        <line num="32" count="20" type="stmt"/>
        <line num="34" count="3" type="stmt"/>
      </file>
      <file name="cipher.js" path="/Users/yulyavorontsova/ciphering-CLI-tool/ciphers/cipher.js">
        <metrics statements="16" coveredstatements="16" conditionals="10" coveredconditionals="10" methods="1" coveredmethods="1"/>
        <line num="1" count="1" type="stmt"/>
        <line num="2" count="1" type="stmt"/>
        <line num="3" count="1" type="stmt"/>
        <line num="5" count="1" type="stmt"/>
        <line num="6" count="6" type="stmt"/>
        <line num="7" count="6" type="cond" truecount="2" falsecount="0"/>
        <line num="8" count="1" type="stmt"/>
        <line num="9" count="5" type="cond" truecount="2" falsecount="0"/>
        <line num="10" count="1" type="stmt"/>
        <line num="11" count="4" type="cond" truecount="2" falsecount="0"/>
        <line num="12" count="1" type="stmt"/>
        <line num="13" count="3" type="cond" truecount="2" falsecount="0"/>
        <line num="14" count="1" type="stmt"/>
        <line num="15" count="2" type="cond" truecount="2" falsecount="0"/>
        <line num="16" count="1" type="stmt"/>
        <line num="18" count="6" type="stmt"/>
      </file>
      <file name="rotCipher.js" path="/Users/yulyavorontsova/ciphering-CLI-tool/ciphers/rotCipher.js">
        <metrics statements="25" coveredstatements="25" conditionals="36" coveredconditionals="36" methods="1" coveredmethods="1"/>
        <line num="1" count="2" type="stmt"/>
        <line num="2" count="7" type="cond" truecount="4" falsecount="0"/>
        <line num="3" count="3" type="stmt"/>
        <line num="4" count="3" type="stmt"/>
        <line num="5" count="3" type="stmt"/>
        <line num="6" count="124" type="cond" truecount="4" falsecount="0"/>
        <line num="7" count="16" type="stmt"/>
        <line num="8" count="108" type="cond" truecount="2" falsecount="0"/>
        <line num="12" count="16" type="stmt"/>
        <line num="13" count="92" type="cond" truecount="2" falsecount="0"/>
        <line num="17" count="72" type="stmt"/>
        <line num="18" count="20" type="stmt"/>
        <line num="20" count="3" type="stmt"/>
        <line num="22" count="4" type="cond" truecount="4" falsecount="0"/>
        <line num="23" count="3" type="stmt"/>
        <line num="24" count="3" type="stmt"/>
        <line num="25" count="3" type="stmt"/>
        <line num="26" count="124" type="cond" truecount="4" falsecount="0"/>
        <line num="27" count="16" type="stmt"/>
        <line num="28" count="108" type="cond" truecount="4" falsecount="0"/>
        <line num="29" count="16" type="stmt"/>
        <line num="30" count="92" type="cond" truecount="2" falsecount="0"/>
        <line num="34" count="72" type="stmt"/>
        <line num="35" count="20" type="stmt"/>
        <line num="37" count="3" type="stmt"/>
      </file>
    </package>
    <package name="utils">
      <metrics statements="29" coveredstatements="26" conditionals="21" coveredconditionals="16" methods="5" coveredmethods="4"/>
      <file name="configValidation.js" path="/Users/yulyavorontsova/ciphering-CLI-tool/utils/configValidation.js">
        <metrics statements="9" coveredstatements="9" conditionals="4" coveredconditionals="4" methods="2" coveredmethods="2"/>
        <line num="1" count="1" type="stmt"/>
        <line num="3" count="1" type="stmt"/>
        <line num="4" count="2" type="stmt"/>
        <line num="5" count="2" type="stmt"/>
        <line num="6" count="7" type="stmt"/>
        <line num="8" count="2" type="cond" truecount="4" falsecount="0"/>
        <line num="9" count="1" type="stmt"/>
        <line num="10" count="1" type="stmt"/>
        <line num="11" count="1" type="stmt"/>
      </file>
      <file name="parseCmdCondition.js" path="/Users/yulyavorontsova/ciphering-CLI-tool/utils/parseCmdCondition.js">
        <metrics statements="16" coveredstatements="13" conditionals="17" coveredconditionals="12" methods="2" coveredmethods="1"/>
        <line num="1" count="1" type="stmt"/>
        <line num="2" count="1" type="stmt"/>
        <line num="4" count="1" type="stmt"/>
        <line num="5" count="3" type="cond" truecount="4" falsecount="0"/>
        <line num="6" count="1" type="stmt"/>
        <line num="7" count="1" type="stmt"/>
        <line num="9" count="3" type="cond" truecount="5" falsecount="0"/>
        <line num="10" count="1" type="stmt"/>
        <line num="11" count="1" type="cond" truecount="1" falsecount="1"/>
        <line num="12" count="1" type="cond" truecount="2" falsecount="2"/>
        <line num="13" count="1" type="stmt"/>
        <line num="14" count="0" type="cond" truecount="0" falsecount="2"/>
        <line num="15" count="0" type="stmt"/>
        <line num="18" count="0" type="stmt"/>
        <line num="22" count="1" type="stmt"/>
        <line num="25" count="2" type="stmt"/>
      </file>
      <file name="simpleErrorUtil.js" path="/Users/yulyavorontsova/ciphering-CLI-tool/utils/simpleErrorUtil.js">
        <metrics statements="4" coveredstatements="4" conditionals="0" coveredconditionals="0" methods="1" coveredmethods="1"/>
        <line num="1" count="1" type="stmt"/>
        <line num="3" count="1" type="stmt"/>
        <line num="4" count="1" type="stmt"/>
        <line num="5" count="1" type="stmt"/>
      </file>
    </package>
  </project>
</coverage>
