{"/Users/yulyavorontsova/ciphering-CLI-tool/ciphers/atbashCipher.js": {"path":"/Users/yulyavorontsova/ciphering-CLI-tool/ciphers/atbashCipher.js","statementMap":{"0":{"start":{"line":1,"column":0},"end":{"line":14,"column":2}},"1":{"start":{"line":2,"column":2},"end":{"line":13,"column":3}},"2":{"start":{"line":3,"column":16},"end":{"line":3,"column":29}},"3":{"start":{"line":4,"column":20},"end":{"line":4,"column":22}},"4":{"start":{"line":5,"column":4},"end":{"line":11,"column":5}},"5":{"start":{"line":5,"column":17},"end":{"line":5,"column":18}},"6":{"start":{"line":6,"column":6},"end":{"line":10,"column":48}},"7":{"start":{"line":7,"column":8},"end":{"line":7,"column":60}},"8":{"start":{"line":8,"column":13},"end":{"line":10,"column":48}},"9":{"start":{"line":9,"column":8},"end":{"line":9,"column":62}},"10":{"start":{"line":10,"column":13},"end":{"line":10,"column":48}},"11":{"start":{"line":12,"column":4},"end":{"line":12,"column":43}}},"fnMap":{"0":{"name":"(anonymous_0)","decl":{"start":{"line":1,"column":30},"end":{"line":1,"column":31}},"loc":{"start":{"line":1,"column":39},"end":{"line":14,"column":1}},"line":1}},"branchMap":{"0":{"loc":{"start":{"line":2,"column":2},"end":{"line":13,"column":3}},"type":"if","locations":[{"start":{"line":2,"column":2},"end":{"line":13,"column":3}},{"start":{},"end":{}}],"line":2},"1":{"loc":{"start":{"line":6,"column":6},"end":{"line":10,"column":48}},"type":"if","locations":[{"start":{"line":6,"column":6},"end":{"line":10,"column":48}},{"start":{"line":8,"column":13},"end":{"line":10,"column":48}}],"line":6},"2":{"loc":{"start":{"line":6,"column":10},"end":{"line":6,"column":66}},"type":"binary-expr","locations":[{"start":{"line":6,"column":10},"end":{"line":6,"column":36}},{"start":{"line":6,"column":40},"end":{"line":6,"column":66}}],"line":6},"3":{"loc":{"start":{"line":8,"column":13},"end":{"line":10,"column":48}},"type":"if","locations":[{"start":{"line":8,"column":13},"end":{"line":10,"column":48}},{"start":{"line":10,"column":13},"end":{"line":10,"column":48}}],"line":8},"4":{"loc":{"start":{"line":8,"column":17},"end":{"line":8,"column":74}},"type":"binary-expr","locations":[{"start":{"line":8,"column":17},"end":{"line":8,"column":43}},{"start":{"line":8,"column":47},"end":{"line":8,"column":74}}],"line":8}},"s":{"0":2,"1":4,"2":3,"3":3,"4":3,"5":3,"6":124,"7":52,"8":72,"9":52,"10":20,"11":3},"f":{"0":4},"b":{"0":[3,1],"1":[52,72],"2":[124,106],"3":[52,20],"4":[72,52]},"_coverageSchema":"1a1c01bbd47fc00a2c39e90264f33305004495a9","hash":"61573e2d15894f413f2ed42a98924b253e3c5e06"}
,"/Users/yulyavorontsova/ciphering-CLI-tool/ciphers/caesarCipher.js": {"path":"/Users/yulyavorontsova/ciphering-CLI-tool/ciphers/caesarCipher.js","statementMap":{"0":{"start":{"line":1,"column":0},"end":{"line":36,"column":2}},"1":{"start":{"line":2,"column":2},"end":{"line":18,"column":3}},"2":{"start":{"line":3,"column":16},"end":{"line":3,"column":29}},"3":{"start":{"line":4,"column":20},"end":{"line":4,"column":22}},"4":{"start":{"line":5,"column":4},"end":{"line":16,"column":5}},"5":{"start":{"line":5,"column":17},"end":{"line":5,"column":18}},"6":{"start":{"line":6,"column":6},"end":{"line":15,"column":48}},"7":{"start":{"line":7,"column":8},"end":{"line":7,"column":25}},"8":{"start":{"line":8,"column":13},"end":{"line":15,"column":48}},"9":{"start":{"line":9,"column":8},"end":{"line":9,"column":26}},"10":{"start":{"line":10,"column":13},"end":{"line":15,"column":48}},"11":{"start":{"line":14,"column":8},"end":{"line":14,"column":48}},"12":{"start":{"line":15,"column":13},"end":{"line":15,"column":48}},"13":{"start":{"line":17,"column":4},"end":{"line":17,"column":43}},"14":{"start":{"line":19,"column":2},"end":{"line":35,"column":3}},"15":{"start":{"line":20,"column":16},"end":{"line":20,"column":29}},"16":{"start":{"line":21,"column":20},"end":{"line":21,"column":22}},"17":{"start":{"line":22,"column":4},"end":{"line":33,"column":5}},"18":{"start":{"line":22,"column":17},"end":{"line":22,"column":18}},"19":{"start":{"line":23,"column":6},"end":{"line":32,"column":48}},"20":{"start":{"line":24,"column":8},"end":{"line":24,"column":25}},"21":{"start":{"line":25,"column":13},"end":{"line":32,"column":48}},"22":{"start":{"line":26,"column":8},"end":{"line":26,"column":25}},"23":{"start":{"line":27,"column":13},"end":{"line":32,"column":48}},"24":{"start":{"line":31,"column":8},"end":{"line":31,"column":47}},"25":{"start":{"line":32,"column":13},"end":{"line":32,"column":48}},"26":{"start":{"line":34,"column":4},"end":{"line":34,"column":43}}},"fnMap":{"0":{"name":"(anonymous_0)","decl":{"start":{"line":1,"column":30},"end":{"line":1,"column":31}},"loc":{"start":{"line":1,"column":49},"end":{"line":36,"column":1}},"line":1}},"branchMap":{"0":{"loc":{"start":{"line":2,"column":2},"end":{"line":18,"column":3}},"type":"if","locations":[{"start":{"line":2,"column":2},"end":{"line":18,"column":3}},{"start":{},"end":{}}],"line":2},"1":{"loc":{"start":{"line":2,"column":6},"end":{"line":2,"column":21}},"type":"binary-expr","locations":[{"start":{"line":2,"column":6},"end":{"line":2,"column":9}},{"start":{"line":2,"column":13},"end":{"line":2,"column":21}}],"line":2},"2":{"loc":{"start":{"line":6,"column":6},"end":{"line":15,"column":48}},"type":"if","locations":[{"start":{"line":6,"column":6},"end":{"line":15,"column":48}},{"start":{"line":8,"column":13},"end":{"line":15,"column":48}}],"line":6},"3":{"loc":{"start":{"line":8,"column":13},"end":{"line":15,"column":48}},"type":"if","locations":[{"start":{"line":8,"column":13},"end":{"line":15,"column":48}},{"start":{"line":10,"column":13},"end":{"line":15,"column":48}}],"line":8},"4":{"loc":{"start":{"line":10,"column":13},"end":{"line":15,"column":48}},"type":"if","locations":[{"start":{"line":10,"column":13},"end":{"line":15,"column":48}},{"start":{"line":15,"column":13},"end":{"line":15,"column":48}}],"line":10},"5":{"loc":{"start":{"line":11,"column":8},"end":{"line":12,"column":67}},"type":"binary-expr","locations":[{"start":{"line":11,"column":9},"end":{"line":11,"column":35}},{"start":{"line":11,"column":39},"end":{"line":11,"column":65}},{"start":{"line":12,"column":9},"end":{"line":12,"column":35}},{"start":{"line":12,"column":39},"end":{"line":12,"column":66}}],"line":11},"6":{"loc":{"start":{"line":19,"column":2},"end":{"line":35,"column":3}},"type":"if","locations":[{"start":{"line":19,"column":2},"end":{"line":35,"column":3}},{"start":{},"end":{}}],"line":19},"7":{"loc":{"start":{"line":19,"column":6},"end":{"line":19,"column":22}},"type":"binary-expr","locations":[{"start":{"line":19,"column":6},"end":{"line":19,"column":9}},{"start":{"line":19,"column":13},"end":{"line":19,"column":22}}],"line":19},"8":{"loc":{"start":{"line":23,"column":6},"end":{"line":32,"column":48}},"type":"if","locations":[{"start":{"line":23,"column":6},"end":{"line":32,"column":48}},{"start":{"line":25,"column":13},"end":{"line":32,"column":48}}],"line":23},"9":{"loc":{"start":{"line":25,"column":13},"end":{"line":32,"column":48}},"type":"if","locations":[{"start":{"line":25,"column":13},"end":{"line":32,"column":48}},{"start":{"line":27,"column":13},"end":{"line":32,"column":48}}],"line":25},"10":{"loc":{"start":{"line":27,"column":13},"end":{"line":32,"column":48}},"type":"if","locations":[{"start":{"line":27,"column":13},"end":{"line":32,"column":48}},{"start":{"line":32,"column":13},"end":{"line":32,"column":48}}],"line":27},"11":{"loc":{"start":{"line":28,"column":8},"end":{"line":29,"column":67}},"type":"binary-expr","locations":[{"start":{"line":28,"column":9},"end":{"line":28,"column":35}},{"start":{"line":28,"column":39},"end":{"line":28,"column":65}},{"start":{"line":29,"column":9},"end":{"line":29,"column":35}},{"start":{"line":29,"column":39},"end":{"line":29,"column":66}}],"line":28}},"s":{"0":2,"1":7,"2":3,"3":3,"4":3,"5":3,"6":124,"7":2,"8":122,"9":2,"10":120,"11":100,"12":20,"13":3,"14":4,"15":3,"16":3,"17":3,"18":3,"19":124,"20":2,"21":122,"22":2,"23":120,"24":100,"25":20,"26":3},"f":{"0":7},"b":{"0":[3,4],"1":[7,6],"2":[2,122],"3":[2,120],"4":[100,20],"5":[120,102,70,50],"6":[3,1],"7":[4,3],"8":[2,122],"9":[2,120],"10":[100,20],"11":[120,102,70,50]},"_coverageSchema":"1a1c01bbd47fc00a2c39e90264f33305004495a9","hash":"6baf0b16aac2d3d3a69236a1871e80276b1cefa6"}
,"/Users/yulyavorontsova/ciphering-CLI-tool/ciphers/cipher.js": {"path":"/Users/yulyavorontsova/ciphering-CLI-tool/ciphers/cipher.js","statementMap":{"0":{"start":{"line":1,"column":25},"end":{"line":1,"column":50}},"1":{"start":{"line":2,"column":22},"end":{"line":2,"column":44}},"2":{"start":{"line":3,"column":25},"end":{"line":3,"column":50}},"3":{"start":{"line":5,"column":0},"end":{"line":19,"column":2}},"4":{"start":{"line":6,"column":20},"end":{"line":6,"column":24}},"5":{"start":{"line":7,"column":2},"end":{"line":17,"column":3}},"6":{"start":{"line":8,"column":4},"end":{"line":8,"column":44}},"7":{"start":{"line":9,"column":9},"end":{"line":17,"column":3}},"8":{"start":{"line":10,"column":4},"end":{"line":10,"column":50}},"9":{"start":{"line":11,"column":9},"end":{"line":17,"column":3}},"10":{"start":{"line":12,"column":4},"end":{"line":12,"column":41}},"11":{"start":{"line":13,"column":9},"end":{"line":17,"column":3}},"12":{"start":{"line":14,"column":4},"end":{"line":14,"column":47}},"13":{"start":{"line":15,"column":9},"end":{"line":17,"column":3}},"14":{"start":{"line":16,"column":4},"end":{"line":16,"column":50}},"15":{"start":{"line":18,"column":2},"end":{"line":18,"column":21}}},"fnMap":{"0":{"name":"(anonymous_0)","decl":{"start":{"line":5,"column":30},"end":{"line":5,"column":31}},"loc":{"start":{"line":5,"column":48},"end":{"line":19,"column":1}},"line":5}},"branchMap":{"0":{"loc":{"start":{"line":7,"column":2},"end":{"line":17,"column":3}},"type":"if","locations":[{"start":{"line":7,"column":2},"end":{"line":17,"column":3}},{"start":{"line":9,"column":9},"end":{"line":17,"column":3}}],"line":7},"1":{"loc":{"start":{"line":9,"column":9},"end":{"line":17,"column":3}},"type":"if","locations":[{"start":{"line":9,"column":9},"end":{"line":17,"column":3}},{"start":{"line":11,"column":9},"end":{"line":17,"column":3}}],"line":9},"2":{"loc":{"start":{"line":11,"column":9},"end":{"line":17,"column":3}},"type":"if","locations":[{"start":{"line":11,"column":9},"end":{"line":17,"column":3}},{"start":{"line":13,"column":9},"end":{"line":17,"column":3}}],"line":11},"3":{"loc":{"start":{"line":13,"column":9},"end":{"line":17,"column":3}},"type":"if","locations":[{"start":{"line":13,"column":9},"end":{"line":17,"column":3}},{"start":{"line":15,"column":9},"end":{"line":17,"column":3}}],"line":13},"4":{"loc":{"start":{"line":15,"column":9},"end":{"line":17,"column":3}},"type":"if","locations":[{"start":{"line":15,"column":9},"end":{"line":17,"column":3}},{"start":{},"end":{}}],"line":15}},"s":{"0":1,"1":1,"2":1,"3":1,"4":6,"5":6,"6":1,"7":5,"8":1,"9":4,"10":1,"11":3,"12":1,"13":2,"14":1,"15":6},"f":{"0":6},"b":{"0":[1,5],"1":[1,4],"2":[1,3],"3":[1,2],"4":[1,1]},"_coverageSchema":"1a1c01bbd47fc00a2c39e90264f33305004495a9","hash":"0736bd1873b93d82a7f69145f332e3815beefd74"}
,"/Users/yulyavorontsova/ciphering-CLI-tool/ciphers/rotCipher.js": {"path":"/Users/yulyavorontsova/ciphering-CLI-tool/ciphers/rotCipher.js","statementMap":{"0":{"start":{"line":1,"column":0},"end":{"line":39,"column":2}},"1":{"start":{"line":2,"column":2},"end":{"line":21,"column":3}},"2":{"start":{"line":3,"column":16},"end":{"line":3,"column":29}},"3":{"start":{"line":4,"column":20},"end":{"line":4,"column":22}},"4":{"start":{"line":5,"column":4},"end":{"line":19,"column":5}},"5":{"start":{"line":5,"column":17},"end":{"line":5,"column":18}},"6":{"start":{"line":6,"column":6},"end":{"line":18,"column":48}},"7":{"start":{"line":7,"column":8},"end":{"line":7,"column":55}},"8":{"start":{"line":8,"column":13},"end":{"line":18,"column":48}},"9":{"start":{"line":12,"column":8},"end":{"line":12,"column":57}},"10":{"start":{"line":13,"column":13},"end":{"line":18,"column":48}},"11":{"start":{"line":17,"column":8},"end":{"line":17,"column":48}},"12":{"start":{"line":18,"column":13},"end":{"line":18,"column":48}},"13":{"start":{"line":20,"column":4},"end":{"line":20,"column":43}},"14":{"start":{"line":22,"column":2},"end":{"line":38,"column":3}},"15":{"start":{"line":23,"column":16},"end":{"line":23,"column":29}},"16":{"start":{"line":24,"column":20},"end":{"line":24,"column":22}},"17":{"start":{"line":25,"column":4},"end":{"line":36,"column":5}},"18":{"start":{"line":25,"column":17},"end":{"line":25,"column":18}},"19":{"start":{"line":26,"column":6},"end":{"line":35,"column":48}},"20":{"start":{"line":27,"column":8},"end":{"line":27,"column":59}},"21":{"start":{"line":28,"column":13},"end":{"line":35,"column":48}},"22":{"start":{"line":29,"column":8},"end":{"line":29,"column":60}},"23":{"start":{"line":30,"column":13},"end":{"line":35,"column":48}},"24":{"start":{"line":34,"column":8},"end":{"line":34,"column":47}},"25":{"start":{"line":35,"column":13},"end":{"line":35,"column":48}},"26":{"start":{"line":37,"column":4},"end":{"line":37,"column":43}}},"fnMap":{"0":{"name":"(anonymous_0)","decl":{"start":{"line":1,"column":27},"end":{"line":1,"column":28}},"loc":{"start":{"line":1,"column":46},"end":{"line":39,"column":1}},"line":1}},"branchMap":{"0":{"loc":{"start":{"line":2,"column":2},"end":{"line":21,"column":3}},"type":"if","locations":[{"start":{"line":2,"column":2},"end":{"line":21,"column":3}},{"start":{},"end":{}}],"line":2},"1":{"loc":{"start":{"line":2,"column":6},"end":{"line":2,"column":21}},"type":"binary-expr","locations":[{"start":{"line":2,"column":6},"end":{"line":2,"column":9}},{"start":{"line":2,"column":13},"end":{"line":2,"column":21}}],"line":2},"2":{"loc":{"start":{"line":6,"column":6},"end":{"line":18,"column":48}},"type":"if","locations":[{"start":{"line":6,"column":6},"end":{"line":18,"column":48}},{"start":{"line":8,"column":13},"end":{"line":18,"column":48}}],"line":6},"3":{"loc":{"start":{"line":6,"column":10},"end":{"line":6,"column":72}},"type":"binary-expr","locations":[{"start":{"line":6,"column":10},"end":{"line":6,"column":39}},{"start":{"line":6,"column":43},"end":{"line":6,"column":72}}],"line":6},"4":{"loc":{"start":{"line":8,"column":13},"end":{"line":18,"column":48}},"type":"if","locations":[{"start":{"line":8,"column":13},"end":{"line":18,"column":48}},{"start":{"line":13,"column":13},"end":{"line":18,"column":48}}],"line":8},"5":{"loc":{"start":{"line":9,"column":8},"end":{"line":10,"column":37}},"type":"binary-expr","locations":[{"start":{"line":9,"column":8},"end":{"line":9,"column":37}},{"start":{"line":10,"column":8},"end":{"line":10,"column":37}}],"line":9},"6":{"loc":{"start":{"line":13,"column":13},"end":{"line":18,"column":48}},"type":"if","locations":[{"start":{"line":13,"column":13},"end":{"line":18,"column":48}},{"start":{"line":18,"column":13},"end":{"line":18,"column":48}}],"line":13},"7":{"loc":{"start":{"line":14,"column":8},"end":{"line":15,"column":67}},"type":"binary-expr","locations":[{"start":{"line":14,"column":9},"end":{"line":14,"column":35}},{"start":{"line":14,"column":39},"end":{"line":14,"column":65}},{"start":{"line":15,"column":9},"end":{"line":15,"column":35}},{"start":{"line":15,"column":39},"end":{"line":15,"column":66}}],"line":14},"8":{"loc":{"start":{"line":22,"column":2},"end":{"line":38,"column":3}},"type":"if","locations":[{"start":{"line":22,"column":2},"end":{"line":38,"column":3}},{"start":{},"end":{}}],"line":22},"9":{"loc":{"start":{"line":22,"column":6},"end":{"line":22,"column":22}},"type":"binary-expr","locations":[{"start":{"line":22,"column":6},"end":{"line":22,"column":9}},{"start":{"line":22,"column":13},"end":{"line":22,"column":22}}],"line":22},"10":{"loc":{"start":{"line":26,"column":6},"end":{"line":35,"column":48}},"type":"if","locations":[{"start":{"line":26,"column":6},"end":{"line":35,"column":48}},{"start":{"line":28,"column":13},"end":{"line":35,"column":48}}],"line":26},"11":{"loc":{"start":{"line":26,"column":10},"end":{"line":26,"column":66}},"type":"binary-expr","locations":[{"start":{"line":26,"column":10},"end":{"line":26,"column":36}},{"start":{"line":26,"column":40},"end":{"line":26,"column":66}}],"line":26},"12":{"loc":{"start":{"line":28,"column":13},"end":{"line":35,"column":48}},"type":"if","locations":[{"start":{"line":28,"column":13},"end":{"line":35,"column":48}},{"start":{"line":30,"column":13},"end":{"line":35,"column":48}}],"line":28},"13":{"loc":{"start":{"line":28,"column":17},"end":{"line":28,"column":75}},"type":"binary-expr","locations":[{"start":{"line":28,"column":17},"end":{"line":28,"column":44}},{"start":{"line":28,"column":48},"end":{"line":28,"column":75}}],"line":28},"14":{"loc":{"start":{"line":30,"column":13},"end":{"line":35,"column":48}},"type":"if","locations":[{"start":{"line":30,"column":13},"end":{"line":35,"column":48}},{"start":{"line":35,"column":13},"end":{"line":35,"column":48}}],"line":30},"15":{"loc":{"start":{"line":31,"column":8},"end":{"line":32,"column":67}},"type":"binary-expr","locations":[{"start":{"line":31,"column":9},"end":{"line":31,"column":35}},{"start":{"line":31,"column":39},"end":{"line":31,"column":65}},{"start":{"line":32,"column":9},"end":{"line":32,"column":35}},{"start":{"line":32,"column":39},"end":{"line":32,"column":66}}],"line":31}},"s":{"0":2,"1":7,"2":3,"3":3,"4":3,"5":3,"6":124,"7":16,"8":108,"9":16,"10":92,"11":72,"12":20,"13":3,"14":4,"15":3,"16":3,"17":3,"18":3,"19":124,"20":16,"21":108,"22":16,"23":92,"24":72,"25":20,"26":3},"f":{"0":7},"b":{"0":[3,4],"1":[7,6],"2":[16,108],"3":[124,106],"4":[16,92],"5":[108,52],"6":[72,20],"7":[92,74,56,36],"8":[3,1],"9":[4,3],"10":[16,108],"11":[124,70],"12":[16,92],"13":[108,16],"14":[72,20],"15":[92,74,56,36]},"_coverageSchema":"1a1c01bbd47fc00a2c39e90264f33305004495a9","hash":"7e244bcafc168f7da80e2c9d517d5c8e5d82b016"}
,"/Users/yulyavorontsova/ciphering-CLI-tool/utils/configValidation.js": {"path":"/Users/yulyavorontsova/ciphering-CLI-tool/utils/configValidation.js","statementMap":{"0":{"start":{"line":1,"column":19},"end":{"line":1,"column":26}},"1":{"start":{"line":3,"column":0},"end":{"line":12,"column":2}},"2":{"start":{"line":4,"column":24},"end":{"line":4,"column":53}},"3":{"start":{"line":5,"column":22},"end":{"line":7,"column":4}},"4":{"start":{"line":6,"column":4},"end":{"line":6,"column":40}},"5":{"start":{"line":8,"column":2},"end":{"line":11,"column":21}},"6":{"start":{"line":9,"column":4},"end":{"line":9,"column":70}},"7":{"start":{"line":10,"column":4},"end":{"line":10,"column":20}},"8":{"start":{"line":11,"column":9},"end":{"line":11,"column":21}}},"fnMap":{"0":{"name":"(anonymous_0)","decl":{"start":{"line":3,"column":34},"end":{"line":3,"column":35}},"loc":{"start":{"line":3,"column":46},"end":{"line":12,"column":1}},"line":3},"1":{"name":"(anonymous_1)","decl":{"start":{"line":5,"column":47},"end":{"line":5,"column":48}},"loc":{"start":{"line":5,"column":60},"end":{"line":7,"column":3}},"line":5}},"branchMap":{"0":{"loc":{"start":{"line":8,"column":2},"end":{"line":11,"column":21}},"type":"if","locations":[{"start":{"line":8,"column":2},"end":{"line":11,"column":21}},{"start":{"line":11,"column":9},"end":{"line":11,"column":21}}],"line":8},"1":{"loc":{"start":{"line":8,"column":6},"end":{"line":8,"column":43}},"type":"binary-expr","locations":[{"start":{"line":8,"column":6},"end":{"line":8,"column":17}},{"start":{"line":8,"column":21},"end":{"line":8,"column":43}}],"line":8}},"s":{"0":1,"1":1,"2":2,"3":2,"4":7,"5":2,"6":1,"7":1,"8":1},"f":{"0":2,"1":7},"b":{"0":[1,1],"1":[2,2]},"_coverageSchema":"1a1c01bbd47fc00a2c39e90264f33305004495a9","hash":"deb5dc6e3e827c05aaad245e41a2f9d0b3e193c8"}
,"/Users/yulyavorontsova/ciphering-CLI-tool/utils/parseCmdCondition.js": {"path":"/Users/yulyavorontsova/ciphering-CLI-tool/utils/parseCmdCondition.js","statementMap":{"0":{"start":{"line":1,"column":11},"end":{"line":1,"column":24}},"1":{"start":{"line":2,"column":18},"end":{"line":2,"column":25}},"2":{"start":{"line":4,"column":0},"end":{"line":26,"column":2}},"3":{"start":{"line":5,"column":4},"end":{"line":8,"column":5}},"4":{"start":{"line":6,"column":6},"end":{"line":6,"column":53}},"5":{"start":{"line":7,"column":8},"end":{"line":7,"column":24}},"6":{"start":{"line":9,"column":4},"end":{"line":25,"column":21}},"7":{"start":{"line":10,"column":32},"end":{"line":10,"column":62}},"8":{"start":{"line":11,"column":6},"end":{"line":23,"column":7}},"9":{"start":{"line":12,"column":8},"end":{"line":21,"column":9}},"10":{"start":{"line":13,"column":10},"end":{"line":20,"column":13}},"11":{"start":{"line":14,"column":12},"end":{"line":19,"column":13}},"12":{"start":{"line":15,"column":14},"end":{"line":17,"column":16}},"13":{"start":{"line":18,"column":16},"end":{"line":18,"column":32}},"14":{"start":{"line":22,"column":8},"end":{"line":22,"column":52}},"15":{"start":{"line":25,"column":9},"end":{"line":25,"column":21}}},"fnMap":{"0":{"name":"(anonymous_0)","decl":{"start":{"line":4,"column":32},"end":{"line":4,"column":33}},"loc":{"start":{"line":4,"column":48},"end":{"line":26,"column":1}},"line":4},"1":{"name":"(anonymous_1)","decl":{"start":{"line":13,"column":56},"end":{"line":13,"column":57}},"loc":{"start":{"line":13,"column":65},"end":{"line":20,"column":11}},"line":13}},"branchMap":{"0":{"loc":{"start":{"line":5,"column":4},"end":{"line":8,"column":5}},"type":"if","locations":[{"start":{"line":5,"column":4},"end":{"line":8,"column":5}},{"start":{},"end":{}}],"line":5},"1":{"loc":{"start":{"line":5,"column":8},"end":{"line":5,"column":31}},"type":"binary-expr","locations":[{"start":{"line":5,"column":8},"end":{"line":5,"column":12}},{"start":{"line":5,"column":16},"end":{"line":5,"column":31}}],"line":5},"2":{"loc":{"start":{"line":9,"column":4},"end":{"line":25,"column":21}},"type":"if","locations":[{"start":{"line":9,"column":4},"end":{"line":25,"column":21}},{"start":{"line":25,"column":9},"end":{"line":25,"column":21}}],"line":9},"3":{"loc":{"start":{"line":9,"column":8},"end":{"line":9,"column":41}},"type":"binary-expr","locations":[{"start":{"line":9,"column":8},"end":{"line":9,"column":12}},{"start":{"line":9,"column":16},"end":{"line":9,"column":33}},{"start":{"line":9,"column":37},"end":{"line":9,"column":41}}],"line":9},"4":{"loc":{"start":{"line":11,"column":6},"end":{"line":23,"column":7}},"type":"if","locations":[{"start":{"line":11,"column":6},"end":{"line":23,"column":7}},{"start":{},"end":{}}],"line":11},"5":{"loc":{"start":{"line":12,"column":8},"end":{"line":21,"column":9}},"type":"if","locations":[{"start":{"line":12,"column":8},"end":{"line":21,"column":9}},{"start":{},"end":{}}],"line":12},"6":{"loc":{"start":{"line":12,"column":12},"end":{"line":12,"column":54}},"type":"binary-expr","locations":[{"start":{"line":12,"column":12},"end":{"line":12,"column":28}},{"start":{"line":12,"column":32},"end":{"line":12,"column":54}}],"line":12},"7":{"loc":{"start":{"line":14,"column":12},"end":{"line":19,"column":13}},"type":"if","locations":[{"start":{"line":14,"column":12},"end":{"line":19,"column":13}},{"start":{},"end":{}}],"line":14}},"s":{"0":1,"1":1,"2":1,"3":3,"4":1,"5":1,"6":3,"7":1,"8":1,"9":1,"10":1,"11":0,"12":0,"13":0,"14":1,"15":2},"f":{"0":3,"1":0},"b":{"0":[1,2],"1":[3,2],"2":[1,2],"3":[3,2,1],"4":[1,0],"5":[1,0],"6":[1,0],"7":[0,0]},"_coverageSchema":"1a1c01bbd47fc00a2c39e90264f33305004495a9","hash":"6caa0fd7eb18fd5937158ea7d4b63b42f1aa375a"}
,"/Users/yulyavorontsova/ciphering-CLI-tool/utils/simpleErrorUtil.js": {"path":"/Users/yulyavorontsova/ciphering-CLI-tool/utils/simpleErrorUtil.js","statementMap":{"0":{"start":{"line":1,"column":19},"end":{"line":1,"column":26}},"1":{"start":{"line":3,"column":0},"end":{"line":6,"column":5}},"2":{"start":{"line":4,"column":12},"end":{"line":4,"column":31}},"3":{"start":{"line":5,"column":12},"end":{"line":5,"column":27}}},"fnMap":{"0":{"name":"(anonymous_0)","decl":{"start":{"line":3,"column":33},"end":{"line":3,"column":34}},"loc":{"start":{"line":3,"column":39},"end":{"line":6,"column":5}},"line":3}},"branchMap":{},"s":{"0":1,"1":1,"2":1,"3":1},"f":{"0":1},"b":{},"_coverageSchema":"1a1c01bbd47fc00a2c39e90264f33305004495a9","hash":"bf3bd707ecae9205f6dd41ca49d88d4a4ef5dc82"}
}
