TN:
SF:ciphers/atbashCipher.js
FN:1,(anonymous_0)
FNF:1
FNH:1
FNDA:4,(anonymous_0)
DA:1,2
DA:2,4
DA:3,3
DA:4,3
DA:5,3
DA:6,124
DA:7,52
DA:8,72
DA:9,52
DA:10,20
DA:12,3
LF:11
LH:11
BRDA:2,0,0,3
BRDA:2,0,1,1
BRDA:6,1,0,52
BRDA:6,1,1,72
BRDA:6,2,0,124
BRDA:6,2,1,106
BRDA:8,3,0,52
BRDA:8,3,1,20
BRDA:8,4,0,72
BRDA:8,4,1,52
BRF:10
BRH:10
end_of_record
TN:
SF:ciphers/caesarCipher.js
FN:1,(anonymous_0)
FNF:1
FNH:1
FNDA:7,(anonymous_0)
DA:1,2
DA:2,7
DA:3,3
DA:4,3
DA:5,3
DA:6,124
DA:7,2
DA:8,122
DA:9,2
DA:10,120
DA:14,100
DA:15,20
DA:17,3
DA:19,4
DA:20,3
DA:21,3
DA:22,3
DA:23,124
DA:24,2
DA:25,122
DA:26,2
DA:27,120
DA:31,100
DA:32,20
DA:34,3
LF:25
LH:25
BRDA:2,0,0,3
BRDA:2,0,1,4
BRDA:2,1,0,7
BRDA:2,1,1,6
BRDA:6,2,0,2
BRDA:6,2,1,122
BRDA:8,3,0,2
BRDA:8,3,1,120
BRDA:10,4,0,100
BRDA:10,4,1,20
BRDA:11,5,0,120
BRDA:11,5,1,102
BRDA:11,5,2,70
BRDA:11,5,3,50
BRDA:19,6,0,3
BRDA:19,6,1,1
BRDA:19,7,0,4
BRDA:19,7,1,3
BRDA:23,8,0,2
BRDA:23,8,1,122
BRDA:25,9,0,2
BRDA:25,9,1,120
BRDA:27,10,0,100
BRDA:27,10,1,20
BRDA:28,11,0,120
BRDA:28,11,1,102
BRDA:28,11,2,70
BRDA:28,11,3,50
BRF:28
BRH:28
end_of_record
TN:
SF:ciphers/cipher.js
FN:5,(anonymous_0)
FNF:1
FNH:1
FNDA:6,(anonymous_0)
DA:1,1
DA:2,1
DA:3,1
DA:5,1
DA:6,6
DA:7,6
DA:8,1
DA:9,5
DA:10,1
DA:11,4
DA:12,1
DA:13,3
DA:14,1
DA:15,2
DA:16,1
DA:18,6
LF:16
LH:16
BRDA:7,0,0,1
BRDA:7,0,1,5
BRDA:9,1,0,1
BRDA:9,1,1,4
BRDA:11,2,0,1
BRDA:11,2,1,3
BRDA:13,3,0,1
BRDA:13,3,1,2
BRDA:15,4,0,1
BRDA:15,4,1,1
BRF:10
BRH:10
end_of_record
TN:
SF:ciphers/rotCipher.js
FN:1,(anonymous_0)
FNF:1
FNH:1
FNDA:7,(anonymous_0)
DA:1,2
DA:2,7
DA:3,3
DA:4,3
DA:5,3
DA:6,124
DA:7,16
DA:8,108
DA:12,16
DA:13,92
DA:17,72
DA:18,20
DA:20,3
DA:22,4
DA:23,3
DA:24,3
DA:25,3
DA:26,124
DA:27,16
DA:28,108
DA:29,16
DA:30,92
DA:34,72
DA:35,20
DA:37,3
LF:25
LH:25
BRDA:2,0,0,3
BRDA:2,0,1,4
BRDA:2,1,0,7
BRDA:2,1,1,6
BRDA:6,2,0,16
BRDA:6,2,1,108
BRDA:6,3,0,124
BRDA:6,3,1,106
BRDA:8,4,0,16
BRDA:8,4,1,92
BRDA:9,5,0,108
BRDA:9,5,1,52
BRDA:13,6,0,72
BRDA:13,6,1,20
BRDA:14,7,0,92
BRDA:14,7,1,74
BRDA:14,7,2,56
BRDA:14,7,3,36
BRDA:22,8,0,3
BRDA:22,8,1,1
BRDA:22,9,0,4
BRDA:22,9,1,3
BRDA:26,10,0,16
BRDA:26,10,1,108
BRDA:26,11,0,124
BRDA:26,11,1,70
BRDA:28,12,0,16
BRDA:28,12,1,92
BRDA:28,13,0,108
BRDA:28,13,1,16
BRDA:30,14,0,72
BRDA:30,14,1,20
BRDA:31,15,0,92
BRDA:31,15,1,74
BRDA:31,15,2,56
BRDA:31,15,3,36
BRF:36
BRH:36
end_of_record
TN:
SF:utils/configValidation.js
FN:3,(anonymous_0)
FN:5,(anonymous_1)
FNF:2
FNH:2
FNDA:2,(anonymous_0)
FNDA:7,(anonymous_1)
DA:1,1
DA:3,1
DA:4,2
DA:5,2
DA:6,7
DA:8,2
DA:9,1
DA:10,1
DA:11,1
LF:9
LH:9
BRDA:8,0,0,1
BRDA:8,0,1,1
BRDA:8,1,0,2
BRDA:8,1,1,2
BRF:4
BRH:4
end_of_record
TN:
SF:utils/parseCmdCondition.js
FN:4,(anonymous_0)
FN:13,(anonymous_1)
FNF:2
FNH:1
FNDA:3,(anonymous_0)
FNDA:0,(anonymous_1)
DA:1,1
DA:2,1
DA:4,1
DA:5,3
DA:6,1
DA:7,1
DA:9,3
DA:10,1
DA:11,1
DA:12,1
DA:13,1
DA:14,0
DA:15,0
DA:18,0
DA:22,1
DA:25,2
LF:16
LH:13
BRDA:5,0,0,1
BRDA:5,0,1,2
BRDA:5,1,0,3
BRDA:5,1,1,2
BRDA:9,2,0,1
BRDA:9,2,1,2
BRDA:9,3,0,3
BRDA:9,3,1,2
BRDA:9,3,2,1
BRDA:11,4,0,1
BRDA:11,4,1,0
BRDA:12,5,0,1
BRDA:12,5,1,0
BRDA:12,6,0,1
BRDA:12,6,1,0
BRDA:14,7,0,0
BRDA:14,7,1,0
BRF:17
BRH:12
end_of_record
TN:
SF:utils/simpleErrorUtil.js
FN:3,(anonymous_0)
FNF:1
FNH:1
FNDA:1,(anonymous_0)
DA:1,1
DA:3,1
DA:4,1
DA:5,1
LF:4
LH:4
BRF:0
BRH:0
end_of_record
